# JRE version: OpenJDK Runtime Environment (21.0.4) (build 21.0.4+-12508038-b607.1)
# Java VM: OpenJDK 64-Bit Server VM (21.0.4+-12508038-b607.1, mixed mode, tiered, compressed oops, compressed class ptrs, g1 gc, windows-amd64)
GC Precious Log:
 CardTable entry size: 512
 Card Set container configuration: InlinePtr #cards 5 size 8 Array Of Cards #cards 12 size 40 Howl #buckets 4 coarsen threshold 1843 Howl Bitmap #cards 512 size 80 coarsen threshold 460 Card regions per heap region 1 cards per card region 2048
 CPUs: 4 total, 4 available
 Memory: 8109M
 Large Page Support: Disabled
 NUMA Support: Disabled
 Compressed Oops: Enabled (32-bit)
 Heap Region Size: 1M
 Heap Min Capacity: 8M
 Heap Initial Capacity: 128M
 Heap Max Capacity: 2G
 Pre-touch: Disabled
 Parallel Workers: 4
 Concurrent Workers: 1
 Concurrent Refinement Workers: 4
 Periodic GC: Disabled
Heap:
 garbage-first heap   total 311296K, used 212992K [0x0000000080000000, 0x0000000100000000)
  region size 1024K, 16 young (16384K), 9 survivors (9216K)
 Metaspace       used 148987K, committed 151424K, reserved 1245184K
  class space    used 19382K, committed 20608K, reserved 1048576K
GC Heap History (20 events):
Event: 31.520 GC heap before
{Heap before GC invocations=51 (full 0):
 garbage-first heap   total 270336K, used 205645K [0x0000000080000000, 0x0000000100000000)
  region size 1024K, 47 young (48128K), 4 survivors (4096K)
 Metaspace       used 115182K, committed 117440K, reserved 1179648K
  class space    used 15493K, committed 16640K, reserved 1048576K
}
Event: 31.527 GC heap after
{Heap after GC invocations=52 (full 0):
 garbage-first heap   total 270336K, used 163056K [0x0000000080000000, 0x0000000100000000)
  region size 1024K, 4 young (4096K), 4 survivors (4096K)
 Metaspace       used 115182K, committed 117440K, reserved 1179648K
  class space    used 15493K, committed 16640K, reserved 1048576K
}
Event: 33.474 GC heap before
{Heap before GC invocations=52 (full 0):
 garbage-first heap   total 270336K, used 243952K [0x0000000080000000, 0x0000000100000000)
  region size 1024K, 83 young (84992K), 4 survivors (4096K)
 Metaspace       used 115182K, committed 117440K, reserved 1179648K
  class space    used 15493K, committed 16640K, reserved 1048576K
}
Event: 33.484 GC heap after
{Heap after GC invocations=53 (full 0):
 garbage-first heap   total 270336K, used 164028K [0x0000000080000000, 0x0000000100000000)
  region size 1024K, 6 young (6144K), 6 survivors (6144K)
 Metaspace       used 115182K, committed 117440K, reserved 1179648K
  class space    used 15493K, committed 16640K, reserved 1048576K
}
Event: 35.576 GC heap before
{Heap before GC invocations=53 (full 0):
 garbage-first heap   total 270336K, used 245948K [0x0000000080000000, 0x0000000100000000)
  region size 1024K, 86 young (88064K), 6 survivors (6144K)
 Metaspace       used 115473K, committed 117760K, reserved 1179648K
  class space    used 15514K, committed 16640K, reserved 1048576K
}
Event: 35.585 GC heap after
{Heap after GC invocations=54 (full 0):
 garbage-first heap   total 270336K, used 167170K [0x0000000080000000, 0x0000000100000000)
  region size 1024K, 8 young (8192K), 8 survivors (8192K)
 Metaspace       used 115473K, committed 117760K, reserved 1179648K
  class space    used 15514K, committed 16640K, reserved 1048576K
}
Event: 38.213 GC heap before
{Heap before GC invocations=55 (full 0):
 garbage-first heap   total 281600K, used 247042K [0x0000000080000000, 0x0000000100000000)
  region size 1024K, 85 young (87040K), 8 survivors (8192K)
 Metaspace       used 124207K, committed 126528K, reserved 1179648K
  class space    used 16591K, committed 17728K, reserved 1048576K
}
Event: 38.226 GC heap after
{Heap after GC invocations=56 (full 0):
 garbage-first heap   total 281600K, used 170567K [0x0000000080000000, 0x0000000100000000)
  region size 1024K, 9 young (9216K), 9 survivors (9216K)
 Metaspace       used 124207K, committed 126528K, reserved 1179648K
  class space    used 16591K, committed 17728K, reserved 1048576K
}
Event: 42.570 GC heap before
{Heap before GC invocations=56 (full 0):
 garbage-first heap   total 281600K, used 254535K [0x0000000080000000, 0x0000000100000000)
  region size 1024K, 92 young (94208K), 9 survivors (9216K)
 Metaspace       used 129957K, committed 132352K, reserved 1179648K
  class space    used 17216K, committed 18432K, reserved 1048576K
}
Event: 42.604 GC heap after
{Heap after GC invocations=57 (full 0):
 garbage-first heap   total 281600K, used 177346K [0x0000000080000000, 0x0000000100000000)
  region size 1024K, 12 young (12288K), 12 survivors (12288K)
 Metaspace       used 129957K, committed 132352K, reserved 1179648K
  class space    used 17216K, committed 18432K, reserved 1048576K
}
Event: 43.393 GC heap before
{Heap before GC invocations=57 (full 0):
 garbage-first heap   total 281600K, used 252098K [0x0000000080000000, 0x0000000100000000)
  region size 1024K, 86 young (88064K), 12 survivors (12288K)
 Metaspace       used 130232K, committed 132608K, reserved 1179648K
  class space    used 17236K, committed 18432K, reserved 1048576K
}
Event: 43.425 GC heap after
{Heap after GC invocations=58 (full 0):
 garbage-first heap   total 281600K, used 185624K [0x0000000080000000, 0x0000000100000000)
  region size 1024K, 8 young (8192K), 8 survivors (8192K)
 Metaspace       used 130232K, committed 132608K, reserved 1179648K
  class space    used 17236K, committed 18432K, reserved 1048576K
}
Event: 44.931 GC heap before
{Heap before GC invocations=59 (full 0):
 garbage-first heap   total 311296K, used 255256K [0x0000000080000000, 0x0000000100000000)
  region size 1024K, 77 young (78848K), 8 survivors (8192K)
 Metaspace       used 131006K, committed 133376K, reserved 1179648K
  class space    used 17373K, committed 18560K, reserved 1048576K
}
Event: 44.946 GC heap after
{Heap after GC invocations=60 (full 0):
 garbage-first heap   total 311296K, used 190150K [0x0000000080000000, 0x0000000100000000)
  region size 1024K, 7 young (7168K), 7 survivors (7168K)
 Metaspace       used 131006K, committed 133376K, reserved 1179648K
  class space    used 17373K, committed 18560K, reserved 1048576K
}
Event: 46.434 GC heap before
{Heap before GC invocations=60 (full 0):
 garbage-first heap   total 311296K, used 286406K [0x0000000080000000, 0x0000000100000000)
  region size 1024K, 101 young (103424K), 7 survivors (7168K)
 Metaspace       used 134500K, committed 136960K, reserved 1179648K
  class space    used 17770K, committed 19008K, reserved 1048576K
}
Event: 46.455 GC heap after
{Heap after GC invocations=61 (full 0):
 garbage-first heap   total 311296K, used 197911K [0x0000000080000000, 0x0000000100000000)
  region size 1024K, 13 young (13312K), 13 survivors (13312K)
 Metaspace       used 134500K, committed 136960K, reserved 1179648K
  class space    used 17770K, committed 19008K, reserved 1048576K
}
Event: 51.465 GC heap before
{Heap before GC invocations=61 (full 0):
 garbage-first heap   total 311296K, used 279831K [0x0000000080000000, 0x0000000100000000)
  region size 1024K, 94 young (96256K), 13 survivors (13312K)
 Metaspace       used 140904K, committed 143360K, reserved 1179648K
  class space    used 18550K, committed 19776K, reserved 1048576K
}
Event: 51.494 GC heap after
{Heap after GC invocations=62 (full 0):
 garbage-first heap   total 311296K, used 202752K [0x0000000080000000, 0x0000000100000000)
  region size 1024K, 5 young (5120K), 5 survivors (5120K)
 Metaspace       used 140904K, committed 143360K, reserved 1179648K
  class space    used 18550K, committed 19776K, reserved 1048576K
}
Event: 74.082 GC heap before
{Heap before GC invocations=62 (full 0):
 garbage-first heap   total 311296K, used 286720K [0x0000000080000000, 0x0000000100000000)
  region size 1024K, 88 young (90112K), 5 survivors (5120K)
 Metaspace       used 148987K, committed 151424K, reserved 1245184K
  class space    used 19382K, committed 20608K, reserved 1048576K
}
Event: 74.098 GC heap after
{Heap after GC invocations=63 (full 0):
 garbage-first heap   total 311296K, used 206848K [0x0000000080000000, 0x0000000100000000)
  region size 1024K, 9 young (9216K), 9 survivors (9216K)
 Metaspace       used 148987K, committed 151424K, reserved 1245184K
  class space    used 19382K, committed 20608K, reserved 1048576K
}

